<?xml version="1.0" encoding="UTF-8"?>
<testsuite xmlns:xsi="http://www.w3.org/2001/XMLSchema-instance" xsi:noNamespaceSchemaLocation="https://maven.apache.org/surefire/maven-surefire-plugin/xsd/surefire-test-report-3.0.xsd" version="3.0" name="TestSuite" time="2.031" tests="6" errors="0" skipped="0" failures="0">
  <properties>
    <property name="sun.desktop" value="windows"/>
    <property name="awt.toolkit" value="sun.awt.windows.WToolkit"/>
    <property name="file.encoding.pkg" value="sun.io"/>
    <property name="java.specification.version" value="1.8"/>
    <property name="sun.cpu.isalist" value="amd64"/>
    <property name="sun.jnu.encoding" value="Cp1252"/>
    <property name="java.class.path" value="C:\Users\Paras\eclipse-workspace\Mavanjava\target\test-classes;C:\Users\Paras\eclipse-workspace\Mavanjava\target\classes;C:\Users\Paras\.m2\repository\org\testng\testng\6.9.8\testng-6.9.8.jar;C:\Users\Paras\.m2\repository\org\beanshell\bsh\2.0b4\bsh-2.0b4.jar;C:\Users\Paras\.m2\repository\com\beust\jcommander\1.48\jcommander-1.48.jar;C:\Users\Paras\.m2\repository\log4j\log4j\1.2.17\log4j-1.2.17.jar;C:\Users\Paras\.m2\repository\org\docx4j\docx4j-JAXB-Internal\8.0.0\docx4j-JAXB-Internal-8.0.0.jar;C:\Users\Paras\.m2\repository\org\docx4j\docx4j-core\8.0.0\docx4j-core-8.0.0.jar;C:\Users\Paras\.m2\repository\org\docx4j\docx4j-openxml-objects\8.0.0\docx4j-openxml-objects-8.0.0.jar;C:\Users\Paras\.m2\repository\org\docx4j\docx4j-openxml-objects-pml\8.0.0\docx4j-openxml-objects-pml-8.0.0.jar;C:\Users\Paras\.m2\repository\org\docx4j\docx4j-openxml-objects-sml\8.0.0\docx4j-openxml-objects-sml-8.0.0.jar;C:\Users\Paras\.m2\repository\org\plutext\jaxb-svg11\1.0.2\jaxb-svg11-1.0.2.jar;C:\Users\Paras\.m2\repository\net\engio\mbassador\1.3.2\mbassador-1.3.2.jar;C:\Users\Paras\.m2\repository\org\slf4j\jcl-over-slf4j\1.7.26\jcl-over-slf4j-1.7.26.jar;C:\Users\Paras\.m2\repository\org\apache\commons\commons-lang3\3.9\commons-lang3-3.9.jar;C:\Users\Paras\.m2\repository\org\apache\commons\commons-compress\1.18\commons-compress-1.18.jar;C:\Users\Paras\.m2\repository\commons-codec\commons-codec\1.12\commons-codec-1.12.jar;C:\Users\Paras\.m2\repository\commons-io\commons-io\2.6\commons-io-2.6.jar;C:\Users\Paras\.m2\repository\com\fasterxml\jackson\core\jackson-core\2.9.8\jackson-core-2.9.8.jar;C:\Users\Paras\.m2\repository\com\fasterxml\jackson\core\jackson-databind\2.9.8\jackson-databind-2.9.8.jar;C:\Users\Paras\.m2\repository\com\fasterxml\jackson\core\jackson-annotations\2.9.0\jackson-annotations-2.9.0.jar;C:\Users\Paras\.m2\repository\org\apache\xmlgraphics\xmlgraphics-commons\2.3\xmlgraphics-commons-2.3.jar;C:\Users\Paras\.m2\repository\org\docx4j\org\apache\xalan-metainf\8.0.0\xalan-metainf-8.0.0.jar;C:\Users\Paras\.m2\repository\org\docx4j\org\apache\xalan-interpretive\8.0.0\xalan-interpretive-8.0.0.jar;C:\Users\Paras\.m2\repository\org\docx4j\org\apache\xalan-serializer\8.0.0\xalan-serializer-8.0.0.jar;C:\Users\Paras\.m2\repository\net\arnx\wmf2svg\0.9.8\wmf2svg-0.9.8.jar;C:\Users\Paras\.m2\repository\org\antlr\antlr-runtime\3.5.2\antlr-runtime-3.5.2.jar;C:\Users\Paras\.m2\repository\org\antlr\stringtemplate\3.2.1\stringtemplate-3.2.1.jar;C:\Users\Paras\.m2\repository\antlr\antlr\2.7.7\antlr-2.7.7.jar;C:\Users\Paras\.m2\repository\com\google\guava\guava\27.0.1-jre\guava-27.0.1-jre.jar;C:\Users\Paras\.m2\repository\com\google\guava\failureaccess\1.0.1\failureaccess-1.0.1.jar;C:\Users\Paras\.m2\repository\com\google\guava\listenablefuture\9999.0-empty-to-avoid-conflict-with-guava\listenablefuture-9999.0-empty-to-avoid-conflict-with-guava.jar;C:\Users\Paras\.m2\repository\com\google\code\findbugs\jsr305\3.0.2\jsr305-3.0.2.jar;C:\Users\Paras\.m2\repository\org\checkerframework\checker-qual\2.5.2\checker-qual-2.5.2.jar;C:\Users\Paras\.m2\repository\com\google\errorprone\error_prone_annotations\2.2.0\error_prone_annotations-2.2.0.jar;C:\Users\Paras\.m2\repository\com\google\j2objc\j2objc-annotations\1.1\j2objc-annotations-1.1.jar;C:\Users\Paras\.m2\repository\org\codehaus\mojo\animal-sniffer-annotations\1.17\animal-sniffer-annotations-1.17.jar;C:\Users\Paras\.m2\repository\com\thedeanda\lorem\2.1\lorem-2.1.jar;C:\Users\Paras\.m2\repository\org\slf4j\slf4j-api\1.7.5\slf4j-api-1.7.5.jar;C:\Users\Paras\.m2\repository\org\slf4j\slf4j-log4j12\1.7.5\slf4j-log4j12-1.7.5.jar;C:\Users\Paras\.m2\repository\org\slf4j\slf4j-simple\1.7.30\slf4j-simple-1.7.30.jar;C:\Users\Paras\.m2\repository\com\aventstack\extentreports\4.0.9\extentreports-4.0.9.jar;C:\Users\Paras\.m2\repository\org\freemarker\freemarker\2.3.23\freemarker-2.3.23.jar;C:\Users\Paras\.m2\repository\org\mongodb\mongodb-driver\3.3.0\mongodb-driver-3.3.0.jar;C:\Users\Paras\.m2\repository\org\mongodb\mongodb-driver-core\3.3.0\mongodb-driver-core-3.3.0.jar;C:\Users\Paras\.m2\repository\org\mongodb\bson\3.3.0\bson-3.3.0.jar;C:\Users\Paras\.m2\repository\org\apache\httpcomponents\httpclient\4.5.2\httpclient-4.5.2.jar;C:\Users\Paras\.m2\repository\org\apache\httpcomponents\httpcore\4.4.4\httpcore-4.4.4.jar;C:\Users\Paras\.m2\repository\org\apache\httpcomponents\httpmime\4.5.2\httpmime-4.5.2.jar;C:\Users\Paras\.m2\repository\com\google\code\gson\gson\2.8.5\gson-2.8.5.jar;C:\Users\Paras\.m2\repository\commons-validator\commons-validator\1.6\commons-validator-1.6.jar;C:\Users\Paras\.m2\repository\commons-beanutils\commons-beanutils\1.9.2\commons-beanutils-1.9.2.jar;C:\Users\Paras\.m2\repository\commons-digester\commons-digester\1.8.1\commons-digester-1.8.1.jar;C:\Users\Paras\.m2\repository\commons-logging\commons-logging\1.2\commons-logging-1.2.jar;C:\Users\Paras\.m2\repository\commons-collections\commons-collections\3.2.2\commons-collections-3.2.2.jar;"/>
    <property name="java.vm.vendor" value="Oracle Corporation"/>
    <property name="sun.arch.data.model" value="64"/>
    <property name="user.variant" value=""/>
    <property name="java.vendor.url" value="http://java.oracle.com/"/>
    <property name="user.timezone" value="Asia/Calcutta"/>
    <property name="java.vm.specification.version" value="1.8"/>
    <property name="os.name" value="Windows 10"/>
    <property name="user.country" value="US"/>
    <property name="sun.java.launcher" value="SUN_STANDARD"/>
    <property name="sun.boot.library.path" value="C:\Program Files\Java\jdk1.8.0_261\jre\bin"/>
    <property name="sun.java.command" value="C:\Users\Paras\AppData\Local\Temp\surefire3016102309952875714\surefirebooter6306063513056250314.jar C:\Users\Paras\AppData\Local\Temp\surefire3016102309952875714 2020-10-06T06-05-55_532-jvmRun1 surefire3351788070048720331tmp surefire_05758013952966847143tmp"/>
    <property name="surefire.test.class.path" value="C:\Users\Paras\eclipse-workspace\Mavanjava\target\test-classes;C:\Users\Paras\eclipse-workspace\Mavanjava\target\classes;C:\Users\Paras\.m2\repository\org\testng\testng\6.9.8\testng-6.9.8.jar;C:\Users\Paras\.m2\repository\org\beanshell\bsh\2.0b4\bsh-2.0b4.jar;C:\Users\Paras\.m2\repository\com\beust\jcommander\1.48\jcommander-1.48.jar;C:\Users\Paras\.m2\repository\log4j\log4j\1.2.17\log4j-1.2.17.jar;C:\Users\Paras\.m2\repository\org\docx4j\docx4j-JAXB-Internal\8.0.0\docx4j-JAXB-Internal-8.0.0.jar;C:\Users\Paras\.m2\repository\org\docx4j\docx4j-core\8.0.0\docx4j-core-8.0.0.jar;C:\Users\Paras\.m2\repository\org\docx4j\docx4j-openxml-objects\8.0.0\docx4j-openxml-objects-8.0.0.jar;C:\Users\Paras\.m2\repository\org\docx4j\docx4j-openxml-objects-pml\8.0.0\docx4j-openxml-objects-pml-8.0.0.jar;C:\Users\Paras\.m2\repository\org\docx4j\docx4j-openxml-objects-sml\8.0.0\docx4j-openxml-objects-sml-8.0.0.jar;C:\Users\Paras\.m2\repository\org\plutext\jaxb-svg11\1.0.2\jaxb-svg11-1.0.2.jar;C:\Users\Paras\.m2\repository\net\engio\mbassador\1.3.2\mbassador-1.3.2.jar;C:\Users\Paras\.m2\repository\org\slf4j\jcl-over-slf4j\1.7.26\jcl-over-slf4j-1.7.26.jar;C:\Users\Paras\.m2\repository\org\apache\commons\commons-lang3\3.9\commons-lang3-3.9.jar;C:\Users\Paras\.m2\repository\org\apache\commons\commons-compress\1.18\commons-compress-1.18.jar;C:\Users\Paras\.m2\repository\commons-codec\commons-codec\1.12\commons-codec-1.12.jar;C:\Users\Paras\.m2\repository\commons-io\commons-io\2.6\commons-io-2.6.jar;C:\Users\Paras\.m2\repository\com\fasterxml\jackson\core\jackson-core\2.9.8\jackson-core-2.9.8.jar;C:\Users\Paras\.m2\repository\com\fasterxml\jackson\core\jackson-databind\2.9.8\jackson-databind-2.9.8.jar;C:\Users\Paras\.m2\repository\com\fasterxml\jackson\core\jackson-annotations\2.9.0\jackson-annotations-2.9.0.jar;C:\Users\Paras\.m2\repository\org\apache\xmlgraphics\xmlgraphics-commons\2.3\xmlgraphics-commons-2.3.jar;C:\Users\Paras\.m2\repository\org\docx4j\org\apache\xalan-metainf\8.0.0\xalan-metainf-8.0.0.jar;C:\Users\Paras\.m2\repository\org\docx4j\org\apache\xalan-interpretive\8.0.0\xalan-interpretive-8.0.0.jar;C:\Users\Paras\.m2\repository\org\docx4j\org\apache\xalan-serializer\8.0.0\xalan-serializer-8.0.0.jar;C:\Users\Paras\.m2\repository\net\arnx\wmf2svg\0.9.8\wmf2svg-0.9.8.jar;C:\Users\Paras\.m2\repository\org\antlr\antlr-runtime\3.5.2\antlr-runtime-3.5.2.jar;C:\Users\Paras\.m2\repository\org\antlr\stringtemplate\3.2.1\stringtemplate-3.2.1.jar;C:\Users\Paras\.m2\repository\antlr\antlr\2.7.7\antlr-2.7.7.jar;C:\Users\Paras\.m2\repository\com\google\guava\guava\27.0.1-jre\guava-27.0.1-jre.jar;C:\Users\Paras\.m2\repository\com\google\guava\failureaccess\1.0.1\failureaccess-1.0.1.jar;C:\Users\Paras\.m2\repository\com\google\guava\listenablefuture\9999.0-empty-to-avoid-conflict-with-guava\listenablefuture-9999.0-empty-to-avoid-conflict-with-guava.jar;C:\Users\Paras\.m2\repository\com\google\code\findbugs\jsr305\3.0.2\jsr305-3.0.2.jar;C:\Users\Paras\.m2\repository\org\checkerframework\checker-qual\2.5.2\checker-qual-2.5.2.jar;C:\Users\Paras\.m2\repository\com\google\errorprone\error_prone_annotations\2.2.0\error_prone_annotations-2.2.0.jar;C:\Users\Paras\.m2\repository\com\google\j2objc\j2objc-annotations\1.1\j2objc-annotations-1.1.jar;C:\Users\Paras\.m2\repository\org\codehaus\mojo\animal-sniffer-annotations\1.17\animal-sniffer-annotations-1.17.jar;C:\Users\Paras\.m2\repository\com\thedeanda\lorem\2.1\lorem-2.1.jar;C:\Users\Paras\.m2\repository\org\slf4j\slf4j-api\1.7.5\slf4j-api-1.7.5.jar;C:\Users\Paras\.m2\repository\org\slf4j\slf4j-log4j12\1.7.5\slf4j-log4j12-1.7.5.jar;C:\Users\Paras\.m2\repository\org\slf4j\slf4j-simple\1.7.30\slf4j-simple-1.7.30.jar;C:\Users\Paras\.m2\repository\com\aventstack\extentreports\4.0.9\extentreports-4.0.9.jar;C:\Users\Paras\.m2\repository\org\freemarker\freemarker\2.3.23\freemarker-2.3.23.jar;C:\Users\Paras\.m2\repository\org\mongodb\mongodb-driver\3.3.0\mongodb-driver-3.3.0.jar;C:\Users\Paras\.m2\repository\org\mongodb\mongodb-driver-core\3.3.0\mongodb-driver-core-3.3.0.jar;C:\Users\Paras\.m2\repository\org\mongodb\bson\3.3.0\bson-3.3.0.jar;C:\Users\Paras\.m2\repository\org\apache\httpcomponents\httpclient\4.5.2\httpclient-4.5.2.jar;C:\Users\Paras\.m2\repository\org\apache\httpcomponents\httpcore\4.4.4\httpcore-4.4.4.jar;C:\Users\Paras\.m2\repository\org\apache\httpcomponents\httpmime\4.5.2\httpmime-4.5.2.jar;C:\Users\Paras\.m2\repository\com\google\code\gson\gson\2.8.5\gson-2.8.5.jar;C:\Users\Paras\.m2\repository\commons-validator\commons-validator\1.6\commons-validator-1.6.jar;C:\Users\Paras\.m2\repository\commons-beanutils\commons-beanutils\1.9.2\commons-beanutils-1.9.2.jar;C:\Users\Paras\.m2\repository\commons-digester\commons-digester\1.8.1\commons-digester-1.8.1.jar;C:\Users\Paras\.m2\repository\commons-logging\commons-logging\1.2\commons-logging-1.2.jar;C:\Users\Paras\.m2\repository\commons-collections\commons-collections\3.2.2\commons-collections-3.2.2.jar;"/>
    <property name="sun.cpu.endian" value="little"/>
    <property name="user.home" value="C:\Users\Paras"/>
    <property name="user.language" value="en"/>
    <property name="java.specification.vendor" value="Oracle Corporation"/>
    <property name="java.home" value="C:\Program Files\Java\jdk1.8.0_261\jre"/>
    <property name="basedir" value="C:\Users\Paras\eclipse-workspace\Mavanjava"/>
    <property name="file.separator" value="\"/>
    <property name="line.separator" value="&#10;"/>
    <property name="java.vm.specification.vendor" value="Oracle Corporation"/>
    <property name="java.specification.name" value="Java Platform API Specification"/>
    <property name="java.awt.graphicsenv" value="sun.awt.Win32GraphicsEnvironment"/>
    <property name="surefire.real.class.path" value="C:\Users\Paras\AppData\Local\Temp\surefire3016102309952875714\surefirebooter6306063513056250314.jar"/>
    <property name="sun.boot.class.path" value="C:\Program Files\Java\jdk1.8.0_261\jre\lib\resources.jar;C:\Program Files\Java\jdk1.8.0_261\jre\lib\rt.jar;C:\Program Files\Java\jdk1.8.0_261\jre\lib\sunrsasign.jar;C:\Program Files\Java\jdk1.8.0_261\jre\lib\jsse.jar;C:\Program Files\Java\jdk1.8.0_261\jre\lib\jce.jar;C:\Program Files\Java\jdk1.8.0_261\jre\lib\charsets.jar;C:\Program Files\Java\jdk1.8.0_261\jre\lib\jfr.jar;C:\Program Files\Java\jdk1.8.0_261\jre\classes"/>
    <property name="user.script" value=""/>
    <property name="sun.management.compiler" value="HotSpot 64-Bit Tiered Compilers"/>
    <property name="java.runtime.version" value="1.8.0_261-b12"/>
    <property name="user.name" value="Paras"/>
    <property name="path.separator" value=";"/>
    <property name="os.version" value="10.0"/>
    <property name="java.endorsed.dirs" value="C:\Program Files\Java\jdk1.8.0_261\jre\lib\endorsed"/>
    <property name="java.runtime.name" value="Java(TM) SE Runtime Environment"/>
    <property name="file.encoding" value="Cp1252"/>
    <property name="java.vm.name" value="Java HotSpot(TM) 64-Bit Server VM"/>
    <property name="localRepository" value="C:\Users\Paras\.m2\repository"/>
    <property name="java.vendor.url.bug" value="http://bugreport.sun.com/bugreport/"/>
    <property name="java.io.tmpdir" value="C:\Users\Paras\AppData\Local\Temp\"/>
    <property name="java.version" value="1.8.0_261"/>
    <property name="user.dir" value="C:\Users\Paras\eclipse-workspace\Mavanjava"/>
    <property name="os.arch" value="amd64"/>
    <property name="java.vm.specification.name" value="Java Virtual Machine Specification"/>
    <property name="java.awt.printerjob" value="sun.awt.windows.WPrinterJob"/>
    <property name="sun.os.patch.level" value=""/>
    <property name="java.library.path" value="C:\Program Files\Java\jdk1.8.0_261\jre\bin;C:\WINDOWS\Sun\Java\bin;C:\WINDOWS\system32;C:\WINDOWS;C:\Program Files (x86)\Common Files\Oracle\Java\javapath;C:\Program Files (x86)\Intel\iCLS Client\;C:\Program Files\Intel\iCLS Client\;C:\WINDOWS\system32;C:\WINDOWS;C:\WINDOWS\System32\Wbem;C:\WINDOWS\System32\WindowsPowerShell\v1.0\;C:\Program Files (x86)\Intel\Intel(R) Management Engine Components\DAL;C:\Program Files\Intel\Intel(R) Management Engine Components\DAL;C:\Program Files (x86)\Intel\Intel(R) Management Engine Components\IPT;C:\Program Files\Intel\Intel(R) Management Engine Components\IPT;C:\Program Files\Intel\WiFi\bin\;C:\Program Files\Common Files\Intel\WirelessCommon\;C:\Program Files (x86)\Microsoft SQL Server\80\Tools\Binn\;C:\Program Files (x86)\Microsoft SQL Server\100\Tools\Binn\;C:\Program Files\Microsoft SQL Server\100\Tools\Binn\;C:\Program Files\Microsoft SQL Server\100\DTS\Binn\;C:\Program Files (x86)\Microsoft SQL Server\100\Tools\Binn\VSShell\Common7\IDE\;C:\Program Files (x86)\Microsoft SQL Server\100\DTS\Binn\;C:\Program Files (x86)\Microsoft Visual Studio 9.0\Common7\IDE\PrivateAssemblies\;C:\WINDOWS\System32\OpenSSH\;C:\Program Files\nodejs\;C:\Program Files\nodejs\node_modules\npm\bin;C:\Program Files\Java\jdk1.8.0_261\bin;C:\Users\Paras\AppData\Local\Android\Sdk\tools;C:\Users\Paras\AppData\Local\Android\Sdk\platform-tools;C:\Users\Paras\AppData\Local\Android\Sdk\tools\bin;C:\Program Files\Java\jdk1.8.0_261;C:\Program Files\apache-maven-3.6.3\bin;C:\Users\Paras\AppData\Local\Microsoft\WindowsApps;C:\Users\Paras\AppData\Roaming\npm;;."/>
    <property name="java.vm.info" value="mixed mode"/>
    <property name="java.vendor" value="Oracle Corporation"/>
    <property name="java.vm.version" value="25.261-b12"/>
    <property name="java.ext.dirs" value="C:\Program Files\Java\jdk1.8.0_261\jre\lib\ext;C:\WINDOWS\Sun\Java\lib\ext"/>
    <property name="sun.io.unicode.encoding" value="UnicodeLittle"/>
    <property name="java.class.version" value="52.0"/>
  </properties>
  <testcase name="IOSApps" classname="qaclickacademy.AppiumTest" time="0.018">
    <system-out><![CDATA[IOSApps
]]></system-out>
  </testcase>
  <testcase name="NativeAPpAndroid" classname="qaclickacademy.AppiumTest" time="0.002">
    <system-out><![CDATA[NativeAPpAndroid
]]></system-out>
  </testcase>
  <testcase name="BrowserAUtomation" classname="qaclickacademy.SeleniumTest" time="0.004">
    <system-out><![CDATA[BrowserAUtomation
]]></system-out>
  </testcase>
  <testcase name="elementsUi" classname="qaclickacademy.SeleniumTest" time="0.002">
    <system-out><![CDATA[elementsUi
]]></system-out>
  </testcase>
  <testcase name="deleteTwitter" classname="qaclickacademy.RESTAPITest" time="0.001">
    <system-out><![CDATA[deleteTwitter
]]></system-out>
  </testcase>
  <testcase name="postJira" classname="qaclickacademy.RESTAPITest" time="0.003">
    <system-out><![CDATA[postJira
]]></system-out>
  </testcase>
</testsuite>