<?xml version="1.0" encoding="UTF-8"?>
<!-- Generated by org.testng.reporters.JUnitReportReporter -->
<testsuite hostname="DESKTOP-T156C5T" name="qaclickacademy.SeleniumTest" tests="2" failures="0" timestamp="6 Oct 2020 00:35:59 GMT" time="0.002" errors="0">
  <testcase name="elementsUi" time="0.001" classname="qaclickacademy.SeleniumTest"/>
  <testcase name="BrowserAUtomation" time="0.001" classname="qaclickacademy.SeleniumTest"/>
</testsuite> <!-- qaclickacademy.SeleniumTest -->
